{"contracts/Pool.sol":{"l":{"63":99,"64":99,"70":4,"81":3,"93":1,"95":1,"96":1,"99":1,"116":39,"132":1,"147":1,"163":1,"173":1,"192":32,"197":31,"202":31,"204":30,"205":30,"207":30,"210":30,"211":60,"212":60,"213":60,"222":30,"223":30,"224":30,"225":30,"241":31,"242":31,"243":139,"244":1,"248":30,"263":49,"264":49,"265":49,"266":49,"268":49,"269":49,"272":49,"273":49,"275":49,"278":49,"279":49,"280":242,"281":242,"282":242,"283":242,"286":49,"289":49,"290":242,"291":242,"293":242,"299":242,"302":242,"309":242,"325":17,"326":17,"328":17,"329":37,"330":37,"331":37,"334":37,"341":37,"348":17,"362":1,"364":1,"366":1,"373":1,"379":1,"398":38,"400":223,"402":223,"404":223,"407":223,"410":38,"413":38,"427":7,"428":6,"435":6,"437":5,"441":5,"442":5,"443":5,"448":5,"449":5,"452":5,"458":5,"474":3,"475":3,"477":3,"478":3,"479":3,"485":3,"486":3,"489":3,"496":3,"510":1,"512":1,"518":1,"521":1,"527":1,"544":4,"546":5,"548":5,"549":5,"552":5,"557":5,"559":5,"560":4,"564":4,"566":4,"579":4,"580":4,"581":4,"597":38,"598":38,"599":38,"601":38,"623":4,"624":4,"625":4,"627":4,"632":4,"654":1,"655":1,"656":1,"657":10,"658":10,"662":10,"666":10,"668":10,"672":10,"686":3,"690":3,"695":2,"696":2,"698":2,"700":2,"705":1,"707":1,"722":1,"723":1,"726":1,"739":3,"740":3,"745":2,"746":2,"748":2,"751":2,"755":1,"757":1,"772":1,"773":1,"776":1},"path":"/home/joao/Documents/indexpool_contracts/contracts/Pool.sol","s":{"1":99,"2":99,"3":3,"4":1,"5":1,"6":1,"7":1,"8":39,"9":1,"10":1,"11":1,"12":1,"13":32,"14":31,"15":31,"16":30,"17":30,"18":30,"19":30,"20":60,"21":60,"22":60,"23":30,"24":30,"25":30,"26":30,"27":31,"28":31,"29":139,"30":1,"31":30,"32":49,"33":49,"34":49,"35":49,"36":49,"37":49,"38":49,"39":49,"40":49,"41":49,"42":49,"43":242,"44":242,"45":242,"46":242,"47":49,"48":49,"49":242,"50":242,"51":242,"52":242,"53":242,"54":242,"55":17,"56":17,"57":17,"58":37,"59":37,"60":37,"61":37,"62":37,"63":17,"64":1,"65":1,"66":1,"67":1,"68":1,"69":38,"70":223,"71":223,"72":223,"73":223,"74":38,"75":7,"76":6,"77":6,"78":5,"79":5,"80":5,"81":5,"82":5,"83":5,"84":5,"85":5,"86":3,"87":3,"88":3,"89":3,"90":3,"91":3,"92":3,"93":3,"94":3,"95":1,"96":1,"97":1,"98":1,"99":1,"100":4,"101":5,"102":5,"103":5,"104":5,"105":5,"106":5,"107":4,"108":4,"109":4,"110":4,"111":4,"112":38,"113":38,"114":38,"115":38,"116":4,"117":4,"118":4,"119":4,"120":4,"121":1,"122":1,"123":1,"124":10,"125":10,"126":10,"127":10,"128":10,"129":10,"130":3,"131":3,"132":2,"133":2,"134":2,"135":2,"136":1,"137":1,"138":1,"139":1,"140":1,"141":3,"142":3,"143":2,"144":2,"145":2,"146":2,"147":1,"148":1,"149":1,"150":1,"151":1},"b":{"1":[31,1],"2":[31,0],"3":[30,1],"4":[60,0],"5":[1,138],"6":[242,0],"7":[6,1],"8":[6,0],"9":[5,1],"10":[4,1],"11":[4,0],"12":[10,0],"13":[10,0],"14":[3,0],"15":[2,1],"16":[1,1],"17":[3,0],"18":[2,1],"19":[1,1]},"f":{"1":99,"2":3,"3":1,"4":39,"5":1,"6":1,"7":1,"8":32,"9":31,"10":49,"11":17,"12":1,"13":38,"14":7,"15":3,"16":1,"17":4,"18":4,"19":38,"20":4,"21":1,"22":3,"23":1,"24":3,"25":1},"fnMap":{"1":{"name":"constructor","line":62,"loc":{"start":{"line":62,"column":4},"end":{"line":65,"column":4}}},"2":{"name":"get_indexes_length","line":80,"loc":{"start":{"line":80,"column":4},"end":{"line":82,"column":4}}},"3":{"name":"get_indexes_creators","line":92,"loc":{"start":{"line":92,"column":4},"end":{"line":100,"column":4}}},"4":{"name":"get_token_balance","line":111,"loc":{"start":{"line":111,"column":4},"end":{"line":117,"column":4}}},"5":{"name":"get_index_allocation","line":127,"loc":{"start":{"line":127,"column":4},"end":{"line":133,"column":4}}},"6":{"name":"get_index_tokens","line":142,"loc":{"start":{"line":142,"column":4},"end":{"line":148,"column":4}}},"7":{"name":"get_index","line":158,"loc":{"start":{"line":158,"column":4},"end":{"line":174,"column":4}}},"8":{"name":"create_index","line":188,"loc":{"start":{"line":188,"column":4},"end":{"line":226,"column":4}}},"9":{"name":"check_not_duplicates","line":236,"loc":{"start":{"line":236,"column":4},"end":{"line":249,"column":4}}},"10":{"name":"deposit","line":262,"loc":{"start":{"line":262,"column":4},"end":{"line":311,"column":4}}},"11":{"name":"buy","line":324,"loc":{"start":{"line":324,"column":4},"end":{"line":349,"column":4}}},"12":{"name":"buy_token","line":361,"loc":{"start":{"line":361,"column":4},"end":{"line":380,"column":4}}},"13":{"name":"attribute_buy_order_to_users","line":391,"loc":{"start":{"line":391,"column":4},"end":{"line":414,"column":4}}},"14":{"name":"withdraw","line":426,"loc":{"start":{"line":426,"column":4},"end":{"line":460,"column":4}}},"15":{"name":"sell","line":473,"loc":{"start":{"line":473,"column":4},"end":{"line":497,"column":4}}},"16":{"name":"sell_token","line":509,"loc":{"start":{"line":509,"column":4},"end":{"line":528,"column":4}}},"17":{"name":"attribute_sell_order_to_users","line":539,"loc":{"start":{"line":539,"column":4},"end":{"line":567,"column":4}}},"18":{"name":"finalize_sell","line":578,"loc":{"start":{"line":578,"column":4},"end":{"line":582,"column":4}}},"19":{"name":"trade_from_eth","line":593,"loc":{"start":{"line":593,"column":4},"end":{"line":608,"column":4}}},"20":{"name":"trade_from_tokens","line":619,"loc":{"start":{"line":619,"column":4},"end":{"line":640,"column":4}}},"21":{"name":"cash_out_erc20","line":653,"loc":{"start":{"line":653,"column":4},"end":{"line":674,"column":4}}},"22":{"name":"pay_creator_fee","line":685,"loc":{"start":{"line":685,"column":4},"end":{"line":708,"column":4}}},"23":{"name":"get_available_creator_fee","line":717,"loc":{"start":{"line":717,"column":4},"end":{"line":727,"column":4}}},"24":{"name":"pay_protocol_fee","line":738,"loc":{"start":{"line":738,"column":4},"end":{"line":758,"column":4}}},"25":{"name":"get_available_protocol_fee","line":767,"loc":{"start":{"line":767,"column":4},"end":{"line":777,"column":4}}}},"statementMap":{"1":{"start":{"line":63,"column":8},"end":{"line":63,"column":60}},"2":{"start":{"line":64,"column":8},"end":{"line":64,"column":27}},"3":{"start":{"line":81,"column":8},"end":{"line":81,"column":29}},"4":{"start":{"line":93,"column":8},"end":{"line":93,"column":66}},"5":{"start":{"line":95,"column":8},"end":{"line":95,"column":2897}},"6":{"start":{"line":96,"column":12},"end":{"line":96,"column":44}},"7":{"start":{"line":99,"column":8},"end":{"line":99,"column":24}},"8":{"start":{"line":116,"column":8},"end":{"line":116,"column":55}},"9":{"start":{"line":132,"column":8},"end":{"line":132,"column":43}},"10":{"start":{"line":147,"column":8},"end":{"line":147,"column":39}},"11":{"start":{"line":163,"column":8},"end":{"line":163,"column":4718}},"12":{"start":{"line":173,"column":8},"end":{"line":173,"column":21}},"13":{"start":{"line":192,"column":8},"end":{"line":192,"column":5732}},"14":{"start":{"line":197,"column":8},"end":{"line":197,"column":5874}},"15":{"start":{"line":202,"column":8},"end":{"line":202,"column":66}},"16":{"start":{"line":204,"column":8},"end":{"line":204,"column":48}},"17":{"start":{"line":205,"column":8},"end":{"line":205,"column":38}},"18":{"start":{"line":207,"column":8},"end":{"line":207,"column":22}},"19":{"start":{"line":210,"column":8},"end":{"line":210,"column":6243}},"20":{"start":{"line":211,"column":12},"end":{"line":211,"column":31}},"21":{"start":{"line":212,"column":12},"end":{"line":212,"column":73}},"22":{"start":{"line":213,"column":12},"end":{"line":213,"column":6418}},"23":{"start":{"line":222,"column":8},"end":{"line":222,"column":44}},"24":{"start":{"line":223,"column":8},"end":{"line":223,"column":37}},"25":{"start":{"line":224,"column":8},"end":{"line":224,"column":33}},"26":{"start":{"line":225,"column":8},"end":{"line":225,"column":29}},"27":{"start":{"line":241,"column":8},"end":{"line":241,"column":7408}},"28":{"start":{"line":242,"column":12},"end":{"line":242,"column":7470}},"29":{"start":{"line":243,"column":16},"end":{"line":243,"column":7524}},"30":{"start":{"line":244,"column":20},"end":{"line":244,"column":32}},"31":{"start":{"line":248,"column":8},"end":{"line":248,"column":19}},"32":{"start":{"line":263,"column":8},"end":{"line":263,"column":59}},"33":{"start":{"line":264,"column":8},"end":{"line":264,"column":67}},"34":{"start":{"line":265,"column":8},"end":{"line":265,"column":63}},"35":{"start":{"line":266,"column":8},"end":{"line":266,"column":22}},"36":{"start":{"line":268,"column":8},"end":{"line":268,"column":48}},"37":{"start":{"line":269,"column":8},"end":{"line":269,"column":38}},"38":{"start":{"line":272,"column":8},"end":{"line":272,"column":37}},"39":{"start":{"line":273,"column":8},"end":{"line":273,"column":36}},"40":{"start":{"line":275,"column":8},"end":{"line":275,"column":45}},"41":{"start":{"line":278,"column":8},"end":{"line":278,"column":31}},"42":{"start":{"line":279,"column":8},"end":{"line":279,"column":8733}},"43":{"start":{"line":280,"column":12},"end":{"line":280,"column":30}},"44":{"start":{"line":281,"column":12},"end":{"line":281,"column":72}},"45":{"start":{"line":282,"column":12},"end":{"line":282,"column":30}},"46":{"start":{"line":283,"column":12},"end":{"line":283,"column":32}},"47":{"start":{"line":286,"column":8},"end":{"line":286,"column":52}},"48":{"start":{"line":289,"column":8},"end":{"line":289,"column":9062}},"49":{"start":{"line":290,"column":12},"end":{"line":290,"column":38}},"50":{"start":{"line":291,"column":12},"end":{"line":291,"column":51}},"51":{"start":{"line":293,"column":12},"end":{"line":293,"column":9216}},"52":{"start":{"line":299,"column":12},"end":{"line":299,"column":44}},"53":{"start":{"line":302,"column":12},"end":{"line":302,"column":9584}},"54":{"start":{"line":309,"column":12},"end":{"line":309,"column":47}},"55":{"start":{"line":325,"column":8},"end":{"line":325,"column":27}},"56":{"start":{"line":326,"column":8},"end":{"line":326,"column":33}},"57":{"start":{"line":328,"column":8},"end":{"line":328,"column":10304}},"58":{"start":{"line":329,"column":12},"end":{"line":329,"column":55}},"59":{"start":{"line":330,"column":12},"end":{"line":330,"column":53}},"60":{"start":{"line":331,"column":12},"end":{"line":331,"column":43}},"61":{"start":{"line":334,"column":12},"end":{"line":334,"column":10571}},"62":{"start":{"line":341,"column":12},"end":{"line":341,"column":10814}},"63":{"start":{"line":348,"column":8},"end":{"line":348,"column":54}},"64":{"start":{"line":362,"column":8},"end":{"line":362,"column":27}},"65":{"start":{"line":364,"column":8},"end":{"line":364,"column":49}},"66":{"start":{"line":366,"column":8},"end":{"line":366,"column":11528}},"67":{"start":{"line":373,"column":8},"end":{"line":373,"column":11747}},"68":{"start":{"line":379,"column":8},"end":{"line":379,"column":48}},"69":{"start":{"line":398,"column":8},"end":{"line":398,"column":12449}},"70":{"start":{"line":400,"column":12},"end":{"line":400,"column":56}},"71":{"start":{"line":402,"column":12},"end":{"line":402,"column":71}},"72":{"start":{"line":404,"column":12},"end":{"line":404,"column":74}},"73":{"start":{"line":407,"column":12},"end":{"line":407,"column":76}},"74":{"start":{"line":413,"column":8},"end":{"line":413,"column":45}},"75":{"start":{"line":427,"column":8},"end":{"line":427,"column":71}},"76":{"start":{"line":428,"column":8},"end":{"line":428,"column":13674}},"77":{"start":{"line":435,"column":8},"end":{"line":435,"column":71}},"78":{"start":{"line":437,"column":8},"end":{"line":437,"column":13951}},"79":{"start":{"line":441,"column":8},"end":{"line":441,"column":14063}},"80":{"start":{"line":442,"column":12},"end":{"line":442,"column":57}},"81":{"start":{"line":443,"column":12},"end":{"line":443,"column":14215}},"82":{"start":{"line":448,"column":12},"end":{"line":448,"column":54}},"83":{"start":{"line":449,"column":12},"end":{"line":449,"column":73}},"84":{"start":{"line":452,"column":12},"end":{"line":452,"column":14622}},"85":{"start":{"line":458,"column":12},"end":{"line":458,"column":51}},"86":{"start":{"line":474,"column":8},"end":{"line":474,"column":28}},"87":{"start":{"line":475,"column":8},"end":{"line":475,"column":34}},"88":{"start":{"line":477,"column":8},"end":{"line":477,"column":15360}},"89":{"start":{"line":478,"column":12},"end":{"line":478,"column":55}},"90":{"start":{"line":479,"column":12},"end":{"line":479,"column":15503}},"91":{"start":{"line":485,"column":12},"end":{"line":485,"column":58}},"92":{"start":{"line":486,"column":12},"end":{"line":486,"column":45}},"93":{"start":{"line":489,"column":12},"end":{"line":489,"column":15868}},"94":{"start":{"line":496,"column":8},"end":{"line":496,"column":55}},"95":{"start":{"line":510,"column":8},"end":{"line":510,"column":28}},"96":{"start":{"line":512,"column":8},"end":{"line":512,"column":16535}},"97":{"start":{"line":518,"column":8},"end":{"line":518,"column":54}},"98":{"start":{"line":521,"column":8},"end":{"line":521,"column":16824}},"99":{"start":{"line":527,"column":8},"end":{"line":527,"column":49}},"100":{"start":{"line":544,"column":8},"end":{"line":544,"column":17498}},"101":{"start":{"line":546,"column":12},"end":{"line":546,"column":60}},"102":{"start":{"line":548,"column":12},"end":{"line":548,"column":71}},"103":{"start":{"line":549,"column":12},"end":{"line":549,"column":72}},"104":{"start":{"line":552,"column":12},"end":{"line":552,"column":17954}},"105":{"start":{"line":557,"column":12},"end":{"line":557,"column":69}},"106":{"start":{"line":559,"column":12},"end":{"line":559,"column":18195}},"107":{"start":{"line":560,"column":16},"end":{"line":560,"column":55}},"108":{"start":{"line":566,"column":8},"end":{"line":566,"column":49}},"109":{"start":{"line":579,"column":8},"end":{"line":579,"column":70}},"110":{"start":{"line":580,"column":8},"end":{"line":580,"column":62}},"111":{"start":{"line":581,"column":8},"end":{"line":581,"column":40}},"112":{"start":{"line":597,"column":8},"end":{"line":597,"column":48}},"113":{"start":{"line":598,"column":8},"end":{"line":598,"column":38}},"114":{"start":{"line":599,"column":8},"end":{"line":599,"column":25}},"115":{"start":{"line":601,"column":8},"end":{"line":601,"column":19575}},"116":{"start":{"line":623,"column":8},"end":{"line":623,"column":48}},"117":{"start":{"line":624,"column":8},"end":{"line":624,"column":27}},"118":{"start":{"line":625,"column":8},"end":{"line":625,"column":38}},"119":{"start":{"line":627,"column":8},"end":{"line":627,"column":20392}},"120":{"start":{"line":632,"column":8},"end":{"line":632,"column":20536}},"121":{"start":{"line":654,"column":8},"end":{"line":654,"column":22}},"122":{"start":{"line":655,"column":8},"end":{"line":655,"column":21}},"123":{"start":{"line":656,"column":8},"end":{"line":656,"column":21373}},"124":{"start":{"line":657,"column":12},"end":{"line":657,"column":46}},"125":{"start":{"line":658,"column":12},"end":{"line":658,"column":21515}},"126":{"start":{"line":662,"column":12},"end":{"line":662,"column":21623}},"127":{"start":{"line":666,"column":12},"end":{"line":666,"column":64}},"128":{"start":{"line":668,"column":12},"end":{"line":668,"column":21834}},"129":{"start":{"line":672,"column":12},"end":{"line":672,"column":53}},"130":{"start":{"line":686,"column":8},"end":{"line":686,"column":22456}},"131":{"start":{"line":690,"column":8},"end":{"line":690,"column":22589}},"132":{"start":{"line":695,"column":8},"end":{"line":695,"column":56}},"133":{"start":{"line":696,"column":8},"end":{"line":696,"column":22824}},"134":{"start":{"line":698,"column":8},"end":{"line":698,"column":79}},"135":{"start":{"line":700,"column":8},"end":{"line":700,"column":22956}},"136":{"start":{"line":705,"column":8},"end":{"line":705,"column":65}},"137":{"start":{"line":707,"column":8},"end":{"line":707,"column":52}},"138":{"start":{"line":722,"column":8},"end":{"line":722,"column":56}},"139":{"start":{"line":723,"column":8},"end":{"line":723,"column":23633}},"140":{"start":{"line":726,"column":8},"end":{"line":726,"column":36}},"141":{"start":{"line":739,"column":8},"end":{"line":739,"column":73}},"142":{"start":{"line":740,"column":8},"end":{"line":740,"column":24230}},"143":{"start":{"line":745,"column":8},"end":{"line":745,"column":57}},"144":{"start":{"line":746,"column":8},"end":{"line":746,"column":24468}},"145":{"start":{"line":748,"column":8},"end":{"line":748,"column":24569}},"146":{"start":{"line":751,"column":8},"end":{"line":751,"column":24614}},"147":{"start":{"line":755,"column":8},"end":{"line":755,"column":66}},"148":{"start":{"line":757,"column":8},"end":{"line":757,"column":52}},"149":{"start":{"line":772,"column":8},"end":{"line":772,"column":57}},"150":{"start":{"line":773,"column":8},"end":{"line":773,"column":25298}},"151":{"start":{"line":776,"column":8},"end":{"line":776,"column":37}}},"branchMap":{"1":{"line":192,"type":"if","locations":[{"start":{"line":192,"column":8},"end":{"line":192,"column":8}},{"start":{"line":192,"column":8},"end":{"line":192,"column":8}}]},"2":{"line":197,"type":"if","locations":[{"start":{"line":197,"column":8},"end":{"line":197,"column":8}},{"start":{"line":197,"column":8},"end":{"line":197,"column":8}}]},"3":{"line":202,"type":"if","locations":[{"start":{"line":202,"column":8},"end":{"line":202,"column":8}},{"start":{"line":202,"column":8},"end":{"line":202,"column":8}}]},"4":{"line":213,"type":"if","locations":[{"start":{"line":213,"column":12},"end":{"line":213,"column":12}},{"start":{"line":213,"column":12},"end":{"line":213,"column":12}}]},"5":{"line":243,"type":"if","locations":[{"start":{"line":243,"column":16},"end":{"line":243,"column":16}},{"start":{"line":243,"column":16},"end":{"line":243,"column":16}}]},"6":{"line":293,"type":"if","locations":[{"start":{"line":293,"column":12},"end":{"line":293,"column":12}},{"start":{"line":293,"column":12},"end":{"line":293,"column":12}}]},"7":{"line":427,"type":"if","locations":[{"start":{"line":427,"column":8},"end":{"line":427,"column":8}},{"start":{"line":427,"column":8},"end":{"line":427,"column":8}}]},"8":{"line":428,"type":"if","locations":[{"start":{"line":428,"column":8},"end":{"line":428,"column":8}},{"start":{"line":428,"column":8},"end":{"line":428,"column":8}}]},"9":{"line":435,"type":"if","locations":[{"start":{"line":435,"column":8},"end":{"line":435,"column":8}},{"start":{"line":435,"column":8},"end":{"line":435,"column":8}}]},"10":{"line":559,"type":"if","locations":[{"start":{"line":559,"column":12},"end":{"line":559,"column":12}},{"start":{"line":559,"column":12},"end":{"line":559,"column":12}}]},"11":{"line":627,"type":"if","locations":[{"start":{"line":627,"column":8},"end":{"line":627,"column":8}},{"start":{"line":627,"column":8},"end":{"line":627,"column":8}}]},"12":{"line":662,"type":"if","locations":[{"start":{"line":662,"column":12},"end":{"line":662,"column":12}},{"start":{"line":662,"column":12},"end":{"line":662,"column":12}}]},"13":{"line":668,"type":"if","locations":[{"start":{"line":668,"column":12},"end":{"line":668,"column":12}},{"start":{"line":668,"column":12},"end":{"line":668,"column":12}}]},"14":{"line":686,"type":"if","locations":[{"start":{"line":686,"column":8},"end":{"line":686,"column":8}},{"start":{"line":686,"column":8},"end":{"line":686,"column":8}}]},"15":{"line":690,"type":"if","locations":[{"start":{"line":690,"column":8},"end":{"line":690,"column":8}},{"start":{"line":690,"column":8},"end":{"line":690,"column":8}}]},"16":{"line":700,"type":"if","locations":[{"start":{"line":700,"column":8},"end":{"line":700,"column":8}},{"start":{"line":700,"column":8},"end":{"line":700,"column":8}}]},"17":{"line":739,"type":"if","locations":[{"start":{"line":739,"column":8},"end":{"line":739,"column":8}},{"start":{"line":739,"column":8},"end":{"line":739,"column":8}}]},"18":{"line":740,"type":"if","locations":[{"start":{"line":740,"column":8},"end":{"line":740,"column":8}},{"start":{"line":740,"column":8},"end":{"line":740,"column":8}}]},"19":{"line":751,"type":"if","locations":[{"start":{"line":751,"column":8},"end":{"line":751,"column":8}},{"start":{"line":751,"column":8},"end":{"line":751,"column":8}}]}}}}