{"contracts/interfaces/IOraclePath.sol":{"l":{},"path":"/home/joao/indexpool/contracts/contracts/interfaces/IOraclePath.sol","s":{},"b":{},"f":{},"fnMap":{},"statementMap":{},"branchMap":{}},"contracts/interfaces/IPool.sol":{"l":{},"path":"/home/joao/indexpool/contracts/contracts/interfaces/IPool.sol","s":{},"b":{},"f":{},"fnMap":{},"statementMap":{},"branchMap":{}},"contracts/libraries/DataStructures.sol":{"l":{},"path":"/home/joao/indexpool/contracts/contracts/libraries/DataStructures.sol","s":{},"b":{},"f":{},"fnMap":{},"statementMap":{},"branchMap":{}},"contracts/OraclePair.sol":{"l":{"28":268,"29":268,"30":268,"31":268,"32":268,"33":268,"34":268,"35":268,"36":268,"37":268,"41":24,"43":24,"46":24,"50":23,"51":23,"53":23,"54":23,"55":23,"60":154,"61":14,"63":140,"64":140},"path":"/home/joao/indexpool/contracts/contracts/OraclePair.sol","s":{"1":268,"2":268,"3":268,"4":268,"5":268,"6":268,"7":268,"8":268,"9":268,"10":268,"11":24,"12":24,"13":24,"14":23,"15":23,"16":23,"17":23,"18":23,"19":154,"20":14,"21":140,"22":140},"b":{"1":[268,0],"2":[23,1],"3":[14,140],"4":[140,0]},"f":{"1":268,"2":24,"3":154},"fnMap":{"1":{"name":"constructor","line":27,"loc":{"start":{"line":27,"column":4},"end":{"line":38,"column":4}}},"2":{"name":"update","line":40,"loc":{"start":{"line":40,"column":4},"end":{"line":56,"column":4}}},"3":{"name":"consult","line":59,"loc":{"start":{"line":59,"column":4},"end":{"line":66,"column":4}}}},"statementMap":{"1":{"start":{"line":28,"column":8},"end":{"line":28,"column":96}},"2":{"start":{"line":29,"column":8},"end":{"line":29,"column":19}},"3":{"start":{"line":30,"column":8},"end":{"line":30,"column":30}},"4":{"start":{"line":31,"column":8},"end":{"line":31,"column":30}},"5":{"start":{"line":32,"column":8},"end":{"line":32,"column":58}},"6":{"start":{"line":33,"column":8},"end":{"line":33,"column":58}},"7":{"start":{"line":34,"column":8},"end":{"line":34,"column":24}},"8":{"start":{"line":35,"column":8},"end":{"line":35,"column":24}},"9":{"start":{"line":36,"column":8},"end":{"line":36,"column":69}},"10":{"start":{"line":37,"column":8},"end":{"line":37,"column":82}},"11":{"start":{"line":41,"column":8},"end":{"line":41,"column":1882}},"12":{"start":{"line":43,"column":8},"end":{"line":43,"column":64}},"13":{"start":{"line":46,"column":8},"end":{"line":46,"column":80}},"14":{"start":{"line":50,"column":8},"end":{"line":50,"column":109}},"15":{"start":{"line":51,"column":8},"end":{"line":51,"column":109}},"16":{"start":{"line":53,"column":8},"end":{"line":53,"column":46}},"17":{"start":{"line":54,"column":8},"end":{"line":54,"column":46}},"18":{"start":{"line":55,"column":8},"end":{"line":55,"column":42}},"19":{"start":{"line":60,"column":8},"end":{"line":60,"column":2971}},"20":{"start":{"line":61,"column":12},"end":{"line":61,"column":62}},"21":{"start":{"line":63,"column":12},"end":{"line":63,"column":73}},"22":{"start":{"line":64,"column":12},"end":{"line":64,"column":62}}},"branchMap":{"1":{"line":37,"type":"if","locations":[{"start":{"line":37,"column":8},"end":{"line":37,"column":8}},{"start":{"line":37,"column":8},"end":{"line":37,"column":8}}]},"2":{"line":46,"type":"if","locations":[{"start":{"line":46,"column":8},"end":{"line":46,"column":8}},{"start":{"line":46,"column":8},"end":{"line":46,"column":8}}]},"3":{"line":60,"type":"if","locations":[{"start":{"line":60,"column":8},"end":{"line":60,"column":8}},{"start":{"line":60,"column":8},"end":{"line":60,"column":8}}]},"4":{"line":63,"type":"if","locations":[{"start":{"line":63,"column":12},"end":{"line":63,"column":12}},{"start":{"line":63,"column":12},"end":{"line":63,"column":12}}]}}},"contracts/OraclePath.sol":{"l":{"13":129,"18":151,"19":151,"21":151,"22":152,"23":152,"25":151,"29":316,"30":316,"31":316,"32":317,"35":317,"36":259,"37":259,"41":317,"42":317,"43":22},"path":"/home/joao/indexpool/contracts/contracts/OraclePath.sol","s":{"1":129,"2":151,"3":151,"4":151,"5":152,"6":152,"7":151,"8":316,"9":316,"10":316,"11":317,"12":317,"13":259,"14":259,"15":317,"16":317,"17":22},"b":{"1":[259,58],"2":[22,295]},"f":{"1":129,"2":151,"3":316},"fnMap":{"1":{"name":"constructor","line":12,"loc":{"start":{"line":12,"column":4},"end":{"line":14,"column":4}}},"2":{"name":"consult","line":17,"loc":{"start":{"line":17,"column":4},"end":{"line":26,"column":4}}},"3":{"name":"updateOracles","line":28,"loc":{"start":{"line":28,"column":4},"end":{"line":46,"column":4}}}},"statementMap":{"1":{"start":{"line":13,"column":8},"end":{"line":13,"column":25}},"2":{"start":{"line":18,"column":8},"end":{"line":18,"column":25}},"3":{"start":{"line":19,"column":8},"end":{"line":19,"column":36}},"4":{"start":{"line":21,"column":8},"end":{"line":21,"column":596}},"5":{"start":{"line":22,"column":12},"end":{"line":22,"column":54}},"6":{"start":{"line":23,"column":12},"end":{"line":23,"column":51}},"7":{"start":{"line":25,"column":8},"end":{"line":25,"column":21}},"8":{"start":{"line":29,"column":8},"end":{"line":29,"column":25}},"9":{"start":{"line":30,"column":8},"end":{"line":30,"column":26}},"10":{"start":{"line":31,"column":8},"end":{"line":31,"column":921}},"11":{"start":{"line":32,"column":12},"end":{"line":32,"column":54}},"12":{"start":{"line":35,"column":12},"end":{"line":35,"column":1091}},"13":{"start":{"line":36,"column":16},"end":{"line":36,"column":69}},"14":{"start":{"line":37,"column":16},"end":{"line":37,"column":58}},"15":{"start":{"line":41,"column":12},"end":{"line":41,"column":79}},"16":{"start":{"line":42,"column":12},"end":{"line":42,"column":1443}},"17":{"start":{"line":43,"column":17},"end":{"line":43,"column":31}}},"branchMap":{"1":{"line":35,"type":"if","locations":[{"start":{"line":35,"column":12},"end":{"line":35,"column":12}},{"start":{"line":35,"column":12},"end":{"line":35,"column":12}}]},"2":{"line":42,"type":"if","locations":[{"start":{"line":42,"column":12},"end":{"line":42,"column":12}},{"start":{"line":42,"column":12},"end":{"line":42,"column":12}}]}}},"contracts/Pool.sol":{"l":{"38":126,"39":126,"40":126,"41":126,"45":5,"46":4,"85":20,"96":3,"113":1,"115":1,"116":1,"119":1,"136":10,"153":1,"169":1,"186":1,"195":1,"211":1,"232":60,"237":59,"242":58,"243":57,"244":57,"245":57,"248":57,"249":173,"251":173,"253":173,"255":173,"256":163,"262":162,"263":162,"268":161,"269":322,"272":161,"276":55,"277":55,"278":55,"279":55,"281":55,"302":58,"303":117,"304":567,"305":1,"309":57,"329":41,"334":39,"339":38,"340":38,"341":38,"342":38,"343":38,"344":38,"347":38,"348":38,"350":38,"353":38,"354":38,"355":158,"357":158,"362":157,"363":11,"365":146,"366":146,"368":146,"369":136,"374":157,"375":157,"378":37,"380":37,"382":37,"385":37,"386":157,"387":157,"388":157,"390":157,"391":146,"396":146,"398":11,"401":157,"404":37,"423":6,"424":6,"425":6,"426":6,"428":6,"429":5,"433":4,"435":3,"439":3,"440":23,"441":23,"445":23,"447":23,"448":21,"453":20,"458":20,"459":20,"461":2,"462":2,"465":2,"466":2,"483":146,"506":20,"511":20,"538":4,"539":4,"540":4,"542":4,"543":24,"544":24,"547":24,"551":23,"553":23,"555":22,"556":20,"560":20,"564":2,"568":2,"583":3,"600":1,"611":5,"612":5,"613":5,"615":5,"616":9,"617":9,"618":9,"619":8,"622":4,"632":2,"633":2,"635":2,"640":1,"642":1,"643":1,"645":1,"646":2,"647":2,"657":5,"669":3,"674":2,"675":2,"678":2,"680":1,"682":1,"683":1,"699":1,"700":1,"703":1,"719":2,"720":2,"723":2,"725":1,"727":1,"728":1,"744":1,"745":1,"748":1},"path":"/home/joao/indexpool/contracts/contracts/Pool.sol","s":{"1":126,"2":126,"3":126,"4":126,"5":5,"6":3,"7":1,"8":1,"9":1,"10":1,"11":10,"12":1,"13":1,"14":1,"15":1,"16":1,"17":60,"18":59,"19":58,"20":57,"21":57,"22":57,"23":57,"24":173,"25":173,"26":173,"27":173,"28":163,"29":162,"30":162,"31":161,"32":322,"33":161,"34":55,"35":55,"36":55,"37":55,"38":55,"39":58,"40":117,"41":567,"42":1,"43":57,"44":41,"45":39,"46":38,"47":38,"48":38,"49":38,"50":38,"51":38,"52":38,"53":38,"54":38,"55":38,"56":38,"57":158,"58":158,"59":157,"60":11,"61":146,"62":146,"63":146,"64":136,"65":157,"66":157,"67":37,"68":37,"69":37,"70":37,"71":157,"72":157,"73":157,"74":157,"75":146,"76":146,"77":11,"78":157,"79":37,"80":6,"81":6,"82":6,"83":6,"84":6,"85":5,"86":4,"87":3,"88":3,"89":23,"90":23,"91":23,"92":23,"93":21,"94":20,"95":20,"96":20,"97":2,"98":2,"99":2,"100":2,"101":146,"102":20,"103":20,"104":4,"105":4,"106":4,"107":4,"108":24,"109":24,"110":24,"111":23,"112":23,"113":22,"114":20,"115":20,"116":2,"117":2,"118":3,"119":1,"120":5,"121":5,"122":5,"123":5,"124":9,"125":9,"126":9,"127":8,"128":4,"129":2,"130":2,"131":2,"132":1,"133":1,"134":1,"135":1,"136":2,"137":2,"138":5,"139":3,"140":2,"141":2,"142":2,"143":1,"144":1,"145":1,"146":1,"147":1,"148":1,"149":2,"150":2,"151":2,"152":1,"153":1,"154":1,"155":1,"156":1,"157":1},"b":{"1":[4,1],"2":[59,1],"3":[58,1],"4":[57,1],"5":[163,10],"6":[162,1],"7":[161,1],"8":[1,566],"9":[39,2],"10":[38,1],"11":[157,1],"12":[11,146],"13":[136,10],"14":[146,11],"15":[5,1],"16":[4,1],"17":[3,1],"18":[21,2],"19":[20,1],"20":[20,0],"21":[23,1],"22":[22,1],"23":[20,2],"24":[20,0],"25":[8,1],"26":[1,1],"27":[2,1],"28":[1,1],"29":[1,1]},"f":{"1":126,"2":5,"3":3,"4":1,"5":10,"6":1,"7":1,"8":1,"9":1,"10":60,"11":58,"12":41,"13":6,"14":146,"15":20,"16":4,"17":3,"18":1,"19":5,"20":2,"21":5,"22":3,"23":1,"24":2,"25":1},"fnMap":{"1":{"name":"constructor","line":37,"loc":{"start":{"line":37,"column":4},"end":{"line":42,"column":4}}},"2":{"name":"_indexpool_only_","line":44,"loc":{"start":{"line":44,"column":4},"end":{"line":47,"column":4}}},"3":{"name":"get_indexes_length","line":95,"loc":{"start":{"line":95,"column":4},"end":{"line":97,"column":4}}},"4":{"name":"get_indexes_creators","line":107,"loc":{"start":{"line":107,"column":4},"end":{"line":120,"column":4}}},"5":{"name":"get_token_balance","line":131,"loc":{"start":{"line":131,"column":4},"end":{"line":137,"column":4}}},"6":{"name":"get_index_allocation","line":147,"loc":{"start":{"line":147,"column":4},"end":{"line":154,"column":4}}},"7":{"name":"get_index_tokens","line":163,"loc":{"start":{"line":163,"column":4},"end":{"line":170,"column":4}}},"8":{"name":"get_index","line":180,"loc":{"start":{"line":180,"column":4},"end":{"line":196,"column":4}}},"9":{"name":"set_max_deposit","line":209,"loc":{"start":{"line":206,"column":4},"end":{"line":212,"column":4}}},"10":{"name":"create_index","line":227,"loc":{"start":{"line":227,"column":4},"end":{"line":287,"column":4}}},"11":{"name":"check_not_duplicates","line":297,"loc":{"start":{"line":297,"column":4},"end":{"line":310,"column":4}}},"12":{"name":"deposit","line":324,"loc":{"start":{"line":324,"column":4},"end":{"line":405,"column":4}}},"13":{"name":"withdraw","line":418,"loc":{"start":{"line":418,"column":4},"end":{"line":467,"column":4}}},"14":{"name":"trade_from_eth","line":478,"loc":{"start":{"line":478,"column":4},"end":{"line":490,"column":4}}},"15":{"name":"trade_from_tokens","line":501,"loc":{"start":{"line":501,"column":4},"end":{"line":519,"column":4}}},"16":{"name":"cash_out_erc20_internal","line":533,"loc":{"start":{"line":533,"column":4},"end":{"line":569,"column":4}}},"17":{"name":"cash_out_erc20","line":579,"loc":{"start":{"line":579,"column":4},"end":{"line":584,"column":4}}},"18":{"name":"cash_out_erc20_admin","line":599,"loc":{"start":{"line":595,"column":4},"end":{"line":601,"column":4}}},"19":{"name":"mint_Pool721","line":608,"loc":{"start":{"line":608,"column":4},"end":{"line":623,"column":4}}},"20":{"name":"burn_Pool721","line":631,"loc":{"start":{"line":631,"column":4},"end":{"line":649,"column":4}}},"21":{"name":"get_pool721_address","line":656,"loc":{"start":{"line":656,"column":4},"end":{"line":658,"column":4}}},"22":{"name":"pay_creator_fee","line":668,"loc":{"start":{"line":668,"column":4},"end":{"line":684,"column":4}}},"23":{"name":"get_available_creator_fee","line":693,"loc":{"start":{"line":693,"column":4},"end":{"line":704,"column":4}}},"24":{"name":"pay_protocol_fee","line":717,"loc":{"start":{"line":714,"column":4},"end":{"line":729,"column":4}}},"25":{"name":"get_available_protocol_fee","line":738,"loc":{"start":{"line":738,"column":4},"end":{"line":749,"column":4}}}},"statementMap":{"1":{"start":{"line":38,"column":8},"end":{"line":38,"column":60}},"2":{"start":{"line":39,"column":8},"end":{"line":39,"column":27}},"3":{"start":{"line":40,"column":8},"end":{"line":40,"column":30}},"4":{"start":{"line":41,"column":8},"end":{"line":41,"column":42}},"5":{"start":{"line":45,"column":8},"end":{"line":45,"column":78}},"6":{"start":{"line":96,"column":8},"end":{"line":96,"column":29}},"7":{"start":{"line":113,"column":8},"end":{"line":113,"column":66}},"8":{"start":{"line":115,"column":8},"end":{"line":115,"column":2960}},"9":{"start":{"line":116,"column":12},"end":{"line":116,"column":44}},"10":{"start":{"line":119,"column":8},"end":{"line":119,"column":24}},"11":{"start":{"line":136,"column":8},"end":{"line":136,"column":55}},"12":{"start":{"line":153,"column":8},"end":{"line":153,"column":43}},"13":{"start":{"line":169,"column":8},"end":{"line":169,"column":39}},"14":{"start":{"line":186,"column":8},"end":{"line":186,"column":4845}},"15":{"start":{"line":195,"column":8},"end":{"line":195,"column":21}},"16":{"start":{"line":211,"column":8},"end":{"line":211,"column":33}},"17":{"start":{"line":232,"column":8},"end":{"line":232,"column":6325}},"18":{"start":{"line":237,"column":8},"end":{"line":237,"column":6467}},"19":{"start":{"line":242,"column":8},"end":{"line":242,"column":66}},"20":{"start":{"line":243,"column":8},"end":{"line":243,"column":29}},"21":{"start":{"line":244,"column":8},"end":{"line":244,"column":21}},"22":{"start":{"line":245,"column":8},"end":{"line":245,"column":22}},"23":{"start":{"line":248,"column":8},"end":{"line":248,"column":6795}},"24":{"start":{"line":249,"column":12},"end":{"line":249,"column":26}},"25":{"start":{"line":251,"column":12},"end":{"line":251,"column":65}},"26":{"start":{"line":253,"column":12},"end":{"line":253,"column":29}},"27":{"start":{"line":255,"column":12},"end":{"line":255,"column":6991}},"28":{"start":{"line":256,"column":16},"end":{"line":256,"column":7038}},"29":{"start":{"line":262,"column":16},"end":{"line":262,"column":77}},"30":{"start":{"line":263,"column":16},"end":{"line":263,"column":7313}},"31":{"start":{"line":268,"column":16},"end":{"line":268,"column":7496}},"32":{"start":{"line":269,"column":20},"end":{"line":269,"column":57}},"33":{"start":{"line":272,"column":16},"end":{"line":272,"column":41}},"34":{"start":{"line":276,"column":8},"end":{"line":276,"column":44}},"35":{"start":{"line":277,"column":8},"end":{"line":277,"column":37}},"36":{"start":{"line":278,"column":8},"end":{"line":278,"column":33}},"37":{"start":{"line":279,"column":8},"end":{"line":279,"column":29}},"38":{"start":{"line":281,"column":8},"end":{"line":281,"column":7842}},"39":{"start":{"line":302,"column":8},"end":{"line":302,"column":8353}},"40":{"start":{"line":303,"column":12},"end":{"line":303,"column":8415}},"41":{"start":{"line":304,"column":16},"end":{"line":304,"column":8469}},"42":{"start":{"line":305,"column":20},"end":{"line":305,"column":32}},"43":{"start":{"line":309,"column":8},"end":{"line":309,"column":19}},"44":{"start":{"line":329,"column":8},"end":{"line":329,"column":9266}},"45":{"start":{"line":334,"column":8},"end":{"line":334,"column":9386}},"46":{"start":{"line":339,"column":8},"end":{"line":339,"column":59}},"47":{"start":{"line":340,"column":8},"end":{"line":340,"column":67}},"48":{"start":{"line":341,"column":8},"end":{"line":341,"column":63}},"49":{"start":{"line":342,"column":8},"end":{"line":342,"column":22}},"50":{"start":{"line":343,"column":8},"end":{"line":343,"column":29}},"51":{"start":{"line":344,"column":8},"end":{"line":344,"column":31}},"52":{"start":{"line":347,"column":8},"end":{"line":347,"column":37}},"53":{"start":{"line":348,"column":8},"end":{"line":348,"column":36}},"54":{"start":{"line":350,"column":8},"end":{"line":350,"column":45}},"55":{"start":{"line":353,"column":8},"end":{"line":353,"column":31}},"56":{"start":{"line":354,"column":8},"end":{"line":354,"column":10021}},"57":{"start":{"line":355,"column":12},"end":{"line":355,"column":26}},"58":{"start":{"line":357,"column":12},"end":{"line":357,"column":10115}},"59":{"start":{"line":362,"column":12},"end":{"line":362,"column":10265}},"60":{"start":{"line":363,"column":16},"end":{"line":363,"column":37}},"61":{"start":{"line":365,"column":16},"end":{"line":365,"column":41}},"62":{"start":{"line":366,"column":16},"end":{"line":366,"column":44}},"63":{"start":{"line":368,"column":16},"end":{"line":368,"column":10469}},"64":{"start":{"line":369,"column":20},"end":{"line":369,"column":10512}},"65":{"start":{"line":374,"column":12},"end":{"line":374,"column":30}},"66":{"start":{"line":375,"column":12},"end":{"line":375,"column":32}},"67":{"start":{"line":378,"column":8},"end":{"line":378,"column":52}},"68":{"start":{"line":380,"column":8},"end":{"line":380,"column":22}},"69":{"start":{"line":382,"column":8},"end":{"line":382,"column":48}},"70":{"start":{"line":385,"column":8},"end":{"line":385,"column":10951}},"71":{"start":{"line":386,"column":12},"end":{"line":386,"column":38}},"72":{"start":{"line":387,"column":12},"end":{"line":387,"column":51}},"73":{"start":{"line":388,"column":12},"end":{"line":388,"column":26}},"74":{"start":{"line":390,"column":12},"end":{"line":390,"column":11134}},"75":{"start":{"line":391,"column":16},"end":{"line":391,"column":11186}},"76":{"start":{"line":396,"column":16},"end":{"line":396,"column":49}},"77":{"start":{"line":398,"column":16},"end":{"line":398,"column":31}},"78":{"start":{"line":401,"column":12},"end":{"line":401,"column":53}},"79":{"start":{"line":404,"column":8},"end":{"line":404,"column":58}},"80":{"start":{"line":423,"column":8},"end":{"line":423,"column":30}},"81":{"start":{"line":424,"column":8},"end":{"line":424,"column":29}},"82":{"start":{"line":425,"column":8},"end":{"line":425,"column":59}},"83":{"start":{"line":426,"column":8},"end":{"line":426,"column":31}},"84":{"start":{"line":428,"column":8},"end":{"line":428,"column":71}},"85":{"start":{"line":429,"column":8},"end":{"line":429,"column":12409}},"86":{"start":{"line":433,"column":8},"end":{"line":433,"column":71}},"87":{"start":{"line":435,"column":8},"end":{"line":435,"column":12632}},"88":{"start":{"line":439,"column":8},"end":{"line":439,"column":12740}},"89":{"start":{"line":440,"column":12},"end":{"line":440,"column":38}},"90":{"start":{"line":441,"column":12},"end":{"line":441,"column":12863}},"91":{"start":{"line":445,"column":12},"end":{"line":445,"column":26}},"92":{"start":{"line":447,"column":12},"end":{"line":447,"column":13007}},"93":{"start":{"line":448,"column":16},"end":{"line":448,"column":13058}},"94":{"start":{"line":453,"column":16},"end":{"line":453,"column":13211}},"95":{"start":{"line":458,"column":16},"end":{"line":458,"column":73}},"96":{"start":{"line":459,"column":16},"end":{"line":459,"column":54}},"97":{"start":{"line":461,"column":16},"end":{"line":461,"column":77}},"98":{"start":{"line":462,"column":16},"end":{"line":462,"column":42}},"99":{"start":{"line":465,"column":8},"end":{"line":465,"column":47}},"100":{"start":{"line":466,"column":8},"end":{"line":466,"column":71}},"101":{"start":{"line":483,"column":8},"end":{"line":483,"column":14259}},"102":{"start":{"line":506,"column":8},"end":{"line":506,"column":14987}},"103":{"start":{"line":511,"column":8},"end":{"line":511,"column":15131}},"104":{"start":{"line":538,"column":8},"end":{"line":538,"column":22}},"105":{"start":{"line":539,"column":8},"end":{"line":539,"column":32}},"106":{"start":{"line":540,"column":8},"end":{"line":540,"column":21}},"107":{"start":{"line":542,"column":8},"end":{"line":542,"column":16088}},"108":{"start":{"line":543,"column":12},"end":{"line":543,"column":46}},"109":{"start":{"line":544,"column":12},"end":{"line":544,"column":16225}},"110":{"start":{"line":547,"column":12},"end":{"line":547,"column":16318}},"111":{"start":{"line":551,"column":12},"end":{"line":551,"column":58}},"112":{"start":{"line":553,"column":12},"end":{"line":553,"column":65}},"113":{"start":{"line":555,"column":12},"end":{"line":555,"column":16587}},"114":{"start":{"line":556,"column":16},"end":{"line":556,"column":16634}},"115":{"start":{"line":560,"column":16},"end":{"line":560,"column":51}},"116":{"start":{"line":564,"column":16},"end":{"line":564,"column":45}},"117":{"start":{"line":568,"column":8},"end":{"line":568,"column":68}},"118":{"start":{"line":583,"column":8},"end":{"line":583,"column":64}},"119":{"start":{"line":600,"column":8},"end":{"line":600,"column":58}},"120":{"start":{"line":611,"column":8},"end":{"line":611,"column":21}},"121":{"start":{"line":612,"column":8},"end":{"line":612,"column":58}},"122":{"start":{"line":613,"column":8},"end":{"line":613,"column":66}},"123":{"start":{"line":615,"column":8},"end":{"line":615,"column":18630}},"124":{"start":{"line":616,"column":12},"end":{"line":616,"column":28}},"125":{"start":{"line":617,"column":12},"end":{"line":617,"column":70}},"126":{"start":{"line":618,"column":12},"end":{"line":618,"column":57}},"127":{"start":{"line":619,"column":12},"end":{"line":619,"column":58}},"128":{"start":{"line":622,"column":8},"end":{"line":622,"column":64}},"129":{"start":{"line":632,"column":8},"end":{"line":632,"column":24}},"130":{"start":{"line":633,"column":8},"end":{"line":633,"column":35}},"131":{"start":{"line":635,"column":8},"end":{"line":635,"column":19312}},"132":{"start":{"line":640,"column":8},"end":{"line":640,"column":60}},"133":{"start":{"line":642,"column":8},"end":{"line":642,"column":58}},"134":{"start":{"line":643,"column":8},"end":{"line":643,"column":21}},"135":{"start":{"line":645,"column":8},"end":{"line":645,"column":19584}},"136":{"start":{"line":646,"column":12},"end":{"line":646,"column":28}},"137":{"start":{"line":647,"column":12},"end":{"line":647,"column":71}},"138":{"start":{"line":657,"column":8},"end":{"line":657,"column":31}},"139":{"start":{"line":669,"column":8},"end":{"line":669,"column":20345}},"140":{"start":{"line":674,"column":8},"end":{"line":674,"column":56}},"141":{"start":{"line":675,"column":8},"end":{"line":675,"column":20580}},"142":{"start":{"line":678,"column":8},"end":{"line":678,"column":57}},"143":{"start":{"line":680,"column":8},"end":{"line":680,"column":65}},"144":{"start":{"line":682,"column":8},"end":{"line":682,"column":52}},"145":{"start":{"line":683,"column":8},"end":{"line":683,"column":69}},"146":{"start":{"line":699,"column":8},"end":{"line":699,"column":56}},"147":{"start":{"line":700,"column":8},"end":{"line":700,"column":21328}},"148":{"start":{"line":703,"column":8},"end":{"line":703,"column":36}},"149":{"start":{"line":719,"column":8},"end":{"line":719,"column":57}},"150":{"start":{"line":720,"column":8},"end":{"line":720,"column":21921}},"151":{"start":{"line":723,"column":8},"end":{"line":723,"column":57}},"152":{"start":{"line":725,"column":8},"end":{"line":725,"column":66}},"153":{"start":{"line":727,"column":8},"end":{"line":727,"column":52}},"154":{"start":{"line":728,"column":8},"end":{"line":728,"column":69}},"155":{"start":{"line":744,"column":8},"end":{"line":744,"column":57}},"156":{"start":{"line":745,"column":8},"end":{"line":745,"column":22676}},"157":{"start":{"line":748,"column":8},"end":{"line":748,"column":37}}},"branchMap":{"1":{"line":45,"type":"if","locations":[{"start":{"line":45,"column":8},"end":{"line":45,"column":8}},{"start":{"line":45,"column":8},"end":{"line":45,"column":8}}]},"2":{"line":232,"type":"if","locations":[{"start":{"line":232,"column":8},"end":{"line":232,"column":8}},{"start":{"line":232,"column":8},"end":{"line":232,"column":8}}]},"3":{"line":237,"type":"if","locations":[{"start":{"line":237,"column":8},"end":{"line":237,"column":8}},{"start":{"line":237,"column":8},"end":{"line":237,"column":8}}]},"4":{"line":242,"type":"if","locations":[{"start":{"line":242,"column":8},"end":{"line":242,"column":8}},{"start":{"line":242,"column":8},"end":{"line":242,"column":8}}]},"5":{"line":255,"type":"if","locations":[{"start":{"line":255,"column":12},"end":{"line":255,"column":12}},{"start":{"line":255,"column":12},"end":{"line":255,"column":12}}]},"6":{"line":256,"type":"if","locations":[{"start":{"line":256,"column":16},"end":{"line":256,"column":16}},{"start":{"line":256,"column":16},"end":{"line":256,"column":16}}]},"7":{"line":263,"type":"if","locations":[{"start":{"line":263,"column":16},"end":{"line":263,"column":16}},{"start":{"line":263,"column":16},"end":{"line":263,"column":16}}]},"8":{"line":304,"type":"if","locations":[{"start":{"line":304,"column":16},"end":{"line":304,"column":16}},{"start":{"line":304,"column":16},"end":{"line":304,"column":16}}]},"9":{"line":329,"type":"if","locations":[{"start":{"line":329,"column":8},"end":{"line":329,"column":8}},{"start":{"line":329,"column":8},"end":{"line":329,"column":8}}]},"10":{"line":334,"type":"if","locations":[{"start":{"line":334,"column":8},"end":{"line":334,"column":8}},{"start":{"line":334,"column":8},"end":{"line":334,"column":8}}]},"11":{"line":357,"type":"if","locations":[{"start":{"line":357,"column":12},"end":{"line":357,"column":12}},{"start":{"line":357,"column":12},"end":{"line":357,"column":12}}]},"12":{"line":362,"type":"if","locations":[{"start":{"line":362,"column":12},"end":{"line":362,"column":12}},{"start":{"line":362,"column":12},"end":{"line":362,"column":12}}]},"13":{"line":368,"type":"if","locations":[{"start":{"line":368,"column":16},"end":{"line":368,"column":16}},{"start":{"line":368,"column":16},"end":{"line":368,"column":16}}]},"14":{"line":390,"type":"if","locations":[{"start":{"line":390,"column":12},"end":{"line":390,"column":12}},{"start":{"line":390,"column":12},"end":{"line":390,"column":12}}]},"15":{"line":428,"type":"if","locations":[{"start":{"line":428,"column":8},"end":{"line":428,"column":8}},{"start":{"line":428,"column":8},"end":{"line":428,"column":8}}]},"16":{"line":429,"type":"if","locations":[{"start":{"line":429,"column":8},"end":{"line":429,"column":8}},{"start":{"line":429,"column":8},"end":{"line":429,"column":8}}]},"17":{"line":433,"type":"if","locations":[{"start":{"line":433,"column":8},"end":{"line":433,"column":8}},{"start":{"line":433,"column":8},"end":{"line":433,"column":8}}]},"18":{"line":447,"type":"if","locations":[{"start":{"line":447,"column":12},"end":{"line":447,"column":12}},{"start":{"line":447,"column":12},"end":{"line":447,"column":12}}]},"19":{"line":448,"type":"if","locations":[{"start":{"line":448,"column":16},"end":{"line":448,"column":16}},{"start":{"line":448,"column":16},"end":{"line":448,"column":16}}]},"20":{"line":506,"type":"if","locations":[{"start":{"line":506,"column":8},"end":{"line":506,"column":8}},{"start":{"line":506,"column":8},"end":{"line":506,"column":8}}]},"21":{"line":547,"type":"if","locations":[{"start":{"line":547,"column":12},"end":{"line":547,"column":12}},{"start":{"line":547,"column":12},"end":{"line":547,"column":12}}]},"22":{"line":553,"type":"if","locations":[{"start":{"line":553,"column":12},"end":{"line":553,"column":12}},{"start":{"line":553,"column":12},"end":{"line":553,"column":12}}]},"23":{"line":555,"type":"if","locations":[{"start":{"line":555,"column":12},"end":{"line":555,"column":12}},{"start":{"line":555,"column":12},"end":{"line":555,"column":12}}]},"24":{"line":556,"type":"if","locations":[{"start":{"line":556,"column":16},"end":{"line":556,"column":16}},{"start":{"line":556,"column":16},"end":{"line":556,"column":16}}]},"25":{"line":618,"type":"if","locations":[{"start":{"line":618,"column":12},"end":{"line":618,"column":12}},{"start":{"line":618,"column":12},"end":{"line":618,"column":12}}]},"26":{"line":635,"type":"if","locations":[{"start":{"line":635,"column":8},"end":{"line":635,"column":8}},{"start":{"line":635,"column":8},"end":{"line":635,"column":8}}]},"27":{"line":669,"type":"if","locations":[{"start":{"line":669,"column":8},"end":{"line":669,"column":8}},{"start":{"line":669,"column":8},"end":{"line":669,"column":8}}]},"28":{"line":678,"type":"if","locations":[{"start":{"line":678,"column":8},"end":{"line":678,"column":8}},{"start":{"line":678,"column":8},"end":{"line":678,"column":8}}]},"29":{"line":723,"type":"if","locations":[{"start":{"line":723,"column":8},"end":{"line":723,"column":8}},{"start":{"line":723,"column":8},"end":{"line":723,"column":8}}]}}},"contracts/Pool721.sol":{"l":{"14":132,"15":132,"19":10,"20":8,"28":6,"30":6,"32":6,"33":6,"35":6,"37":6,"43":2,"44":2,"46":2,"48":2,"54":1,"55":1,"57":1},"path":"/home/joao/indexpool/contracts/contracts/Pool721.sol","s":{"1":132,"2":132,"3":10,"4":6,"5":6,"6":6,"7":6,"8":6,"9":6,"10":2,"11":2,"12":2,"13":2,"14":1,"15":1,"16":1},"b":{"1":[8,2]},"f":{"1":132,"2":10,"3":6,"4":2,"5":1},"fnMap":{"1":{"name":"constructor","line":13,"loc":{"start":{"line":13,"column":4},"end":{"line":16,"column":4}}},"2":{"name":"_indexpool_only_","line":18,"loc":{"start":{"line":18,"column":4},"end":{"line":21,"column":4}}},"3":{"name":"generatePool721","line":27,"loc":{"start":{"line":23,"column":4},"end":{"line":38,"column":4}}},"4":{"name":"burnPool721","line":42,"loc":{"start":{"line":40,"column":4},"end":{"line":49,"column":4}}},"5":{"name":"viewPool721","line":51,"loc":{"start":{"line":51,"column":4},"end":{"line":58,"column":4}}}},"statementMap":{"1":{"start":{"line":14,"column":8},"end":{"line":14,"column":23}},"2":{"start":{"line":15,"column":8},"end":{"line":15,"column":27}},"3":{"start":{"line":19,"column":8},"end":{"line":19,"column":78}},"4":{"start":{"line":28,"column":8},"end":{"line":28,"column":40}},"5":{"start":{"line":30,"column":8},"end":{"line":30,"column":33}},"6":{"start":{"line":32,"column":8},"end":{"line":32,"column":44}},"7":{"start":{"line":33,"column":8},"end":{"line":33,"column":50}},"8":{"start":{"line":35,"column":8},"end":{"line":35,"column":38}},"9":{"start":{"line":37,"column":8},"end":{"line":37,"column":24}},"10":{"start":{"line":43,"column":8},"end":{"line":43,"column":52}},"11":{"start":{"line":44,"column":8},"end":{"line":44,"column":66}},"12":{"start":{"line":46,"column":8},"end":{"line":46,"column":21}},"13":{"start":{"line":48,"column":8},"end":{"line":48,"column":37}},"14":{"start":{"line":54,"column":8},"end":{"line":54,"column":52}},"15":{"start":{"line":55,"column":8},"end":{"line":55,"column":66}},"16":{"start":{"line":57,"column":8},"end":{"line":57,"column":37}}},"branchMap":{"1":{"line":19,"type":"if","locations":[{"start":{"line":19,"column":8},"end":{"line":19,"column":8}},{"start":{"line":19,"column":8},"end":{"line":19,"column":8}}]}}}}