TN:
SF:/home/joao/indexpool/contracts/contracts/interfaces/IOraclePath.sol
FNF:0
FNH:0
LF:0
LH:0
BRF:0
BRH:0
end_of_record
TN:
SF:/home/joao/indexpool/contracts/contracts/interfaces/IPool.sol
FNF:0
FNH:0
LF:0
LH:0
BRF:0
BRH:0
end_of_record
TN:
SF:/home/joao/indexpool/contracts/contracts/libraries/DataStructures.sol
FNF:0
FNH:0
LF:0
LH:0
BRF:0
BRH:0
end_of_record
TN:
SF:/home/joao/indexpool/contracts/contracts/OraclePair.sol
FN:27,constructor
FN:40,update
FN:59,consult
FNF:3
FNH:3
FNDA:268,constructor
FNDA:24,update
FNDA:154,consult
DA:28,268
DA:29,268
DA:30,268
DA:31,268
DA:32,268
DA:33,268
DA:34,268
DA:35,268
DA:36,268
DA:37,268
DA:41,24
DA:43,24
DA:46,24
DA:50,23
DA:51,23
DA:53,23
DA:54,23
DA:55,23
DA:60,154
DA:61,14
DA:63,140
DA:64,140
LF:22
LH:22
BRDA:37,1,0,268
BRDA:37,1,1,0
BRDA:46,2,0,23
BRDA:46,2,1,1
BRDA:60,3,0,14
BRDA:60,3,1,140
BRDA:63,4,0,140
BRDA:63,4,1,0
BRF:8
BRH:6
end_of_record
TN:
SF:/home/joao/indexpool/contracts/contracts/OraclePath.sol
FN:12,constructor
FN:17,consult
FN:28,updateOracles
FNF:3
FNH:3
FNDA:129,constructor
FNDA:151,consult
FNDA:316,updateOracles
DA:13,129
DA:18,151
DA:19,151
DA:21,151
DA:22,152
DA:23,152
DA:25,151
DA:29,316
DA:30,316
DA:31,316
DA:32,317
DA:35,317
DA:36,259
DA:37,259
DA:41,317
DA:42,317
DA:43,22
LF:17
LH:17
BRDA:35,1,0,259
BRDA:35,1,1,58
BRDA:42,2,0,22
BRDA:42,2,1,295
BRF:4
BRH:4
end_of_record
TN:
SF:/home/joao/indexpool/contracts/contracts/Pool.sol
FN:37,constructor
FN:44,_indexpool_only_
FN:95,get_indexes_length
FN:107,get_indexes_creators
FN:131,get_token_balance
FN:147,get_index_allocation
FN:163,get_index_tokens
FN:180,get_index
FN:209,set_max_deposit
FN:227,create_index
FN:297,check_not_duplicates
FN:324,deposit
FN:418,withdraw
FN:478,trade_from_eth
FN:501,trade_from_tokens
FN:533,cash_out_erc20_internal
FN:579,cash_out_erc20
FN:599,cash_out_erc20_admin
FN:608,mint_Pool721
FN:631,burn_Pool721
FN:656,get_pool721_address
FN:668,pay_creator_fee
FN:693,get_available_creator_fee
FN:717,pay_protocol_fee
FN:738,get_available_protocol_fee
FNF:25
FNH:25
FNDA:126,constructor
FNDA:5,_indexpool_only_
FNDA:3,get_indexes_length
FNDA:1,get_indexes_creators
FNDA:10,get_token_balance
FNDA:1,get_index_allocation
FNDA:1,get_index_tokens
FNDA:1,get_index
FNDA:1,set_max_deposit
FNDA:60,create_index
FNDA:58,check_not_duplicates
FNDA:41,deposit
FNDA:6,withdraw
FNDA:146,trade_from_eth
FNDA:20,trade_from_tokens
FNDA:4,cash_out_erc20_internal
FNDA:3,cash_out_erc20
FNDA:1,cash_out_erc20_admin
FNDA:5,mint_Pool721
FNDA:2,burn_Pool721
FNDA:5,get_pool721_address
FNDA:3,pay_creator_fee
FNDA:1,get_available_creator_fee
FNDA:2,pay_protocol_fee
FNDA:1,get_available_protocol_fee
DA:38,126
DA:39,126
DA:40,126
DA:41,126
DA:45,5
DA:46,4
DA:85,20
DA:96,3
DA:113,1
DA:115,1
DA:116,1
DA:119,1
DA:136,10
DA:153,1
DA:169,1
DA:186,1
DA:195,1
DA:211,1
DA:232,60
DA:237,59
DA:242,58
DA:243,57
DA:244,57
DA:245,57
DA:248,57
DA:249,173
DA:251,173
DA:253,173
DA:255,173
DA:256,163
DA:262,162
DA:263,162
DA:268,161
DA:269,322
DA:272,161
DA:276,55
DA:277,55
DA:278,55
DA:279,55
DA:281,55
DA:302,58
DA:303,117
DA:304,567
DA:305,1
DA:309,57
DA:329,41
DA:334,39
DA:339,38
DA:340,38
DA:341,38
DA:342,38
DA:343,38
DA:344,38
DA:347,38
DA:348,38
DA:350,38
DA:353,38
DA:354,38
DA:355,158
DA:357,158
DA:362,157
DA:363,11
DA:365,146
DA:366,146
DA:368,146
DA:369,136
DA:374,157
DA:375,157
DA:378,37
DA:380,37
DA:382,37
DA:385,37
DA:386,157
DA:387,157
DA:388,157
DA:390,157
DA:391,146
DA:396,146
DA:398,11
DA:401,157
DA:404,37
DA:423,6
DA:424,6
DA:425,6
DA:426,6
DA:428,6
DA:429,5
DA:433,4
DA:435,3
DA:439,3
DA:440,23
DA:441,23
DA:445,23
DA:447,23
DA:448,21
DA:453,20
DA:458,20
DA:459,20
DA:461,2
DA:462,2
DA:465,2
DA:466,2
DA:483,146
DA:506,20
DA:511,20
DA:538,4
DA:539,4
DA:540,4
DA:542,4
DA:543,24
DA:544,24
DA:547,24
DA:551,23
DA:553,23
DA:555,22
DA:556,20
DA:560,20
DA:564,2
DA:568,2
DA:583,3
DA:600,1
DA:611,5
DA:612,5
DA:613,5
DA:615,5
DA:616,9
DA:617,9
DA:618,9
DA:619,8
DA:622,4
DA:632,2
DA:633,2
DA:635,2
DA:640,1
DA:642,1
DA:643,1
DA:645,1
DA:646,2
DA:647,2
DA:657,5
DA:669,3
DA:674,2
DA:675,2
DA:678,2
DA:680,1
DA:682,1
DA:683,1
DA:699,1
DA:700,1
DA:703,1
DA:719,2
DA:720,2
DA:723,2
DA:725,1
DA:727,1
DA:728,1
DA:744,1
DA:745,1
DA:748,1
LF:159
LH:159
BRDA:45,1,0,4
BRDA:45,1,1,1
BRDA:232,2,0,59
BRDA:232,2,1,1
BRDA:237,3,0,58
BRDA:237,3,1,1
BRDA:242,4,0,57
BRDA:242,4,1,1
BRDA:255,5,0,163
BRDA:255,5,1,10
BRDA:256,6,0,162
BRDA:256,6,1,1
BRDA:263,7,0,161
BRDA:263,7,1,1
BRDA:304,8,0,1
BRDA:304,8,1,566
BRDA:329,9,0,39
BRDA:329,9,1,2
BRDA:334,10,0,38
BRDA:334,10,1,1
BRDA:357,11,0,157
BRDA:357,11,1,1
BRDA:362,12,0,11
BRDA:362,12,1,146
BRDA:368,13,0,136
BRDA:368,13,1,10
BRDA:390,14,0,146
BRDA:390,14,1,11
BRDA:428,15,0,5
BRDA:428,15,1,1
BRDA:429,16,0,4
BRDA:429,16,1,1
BRDA:433,17,0,3
BRDA:433,17,1,1
BRDA:447,18,0,21
BRDA:447,18,1,2
BRDA:448,19,0,20
BRDA:448,19,1,1
BRDA:506,20,0,20
BRDA:506,20,1,0
BRDA:547,21,0,23
BRDA:547,21,1,1
BRDA:553,22,0,22
BRDA:553,22,1,1
BRDA:555,23,0,20
BRDA:555,23,1,2
BRDA:556,24,0,20
BRDA:556,24,1,0
BRDA:618,25,0,8
BRDA:618,25,1,1
BRDA:635,26,0,1
BRDA:635,26,1,1
BRDA:669,27,0,2
BRDA:669,27,1,1
BRDA:678,28,0,1
BRDA:678,28,1,1
BRDA:723,29,0,1
BRDA:723,29,1,1
BRF:58
BRH:56
end_of_record
TN:
SF:/home/joao/indexpool/contracts/contracts/Pool721.sol
FN:13,constructor
FN:18,_indexpool_only_
FN:27,generatePool721
FN:42,burnPool721
FN:51,viewPool721
FNF:5
FNH:5
FNDA:132,constructor
FNDA:10,_indexpool_only_
FNDA:6,generatePool721
FNDA:2,burnPool721
FNDA:1,viewPool721
DA:14,132
DA:15,132
DA:19,10
DA:20,8
DA:28,6
DA:30,6
DA:32,6
DA:33,6
DA:35,6
DA:37,6
DA:43,2
DA:44,2
DA:46,2
DA:48,2
DA:54,1
DA:55,1
DA:57,1
LF:17
LH:17
BRDA:19,1,0,8
BRDA:19,1,1,2
BRF:2
BRH:2
end_of_record
