TN:
SF:/home/joao/Documents/indexpool_contracts/contracts/Pool.sol
FN:62,constructor
FN:80,get_indexes_length
FN:92,get_indexes_creators
FN:111,get_token_balance
FN:127,get_index_allocation
FN:142,get_index_tokens
FN:158,get_index
FN:188,create_index
FN:236,check_not_duplicates
FN:262,deposit
FN:324,buy
FN:361,buy_token
FN:391,attribute_buy_order_to_users
FN:426,withdraw
FN:473,sell
FN:509,sell_token
FN:539,attribute_sell_order_to_users
FN:578,finalize_sell
FN:593,trade_from_eth
FN:619,trade_from_tokens
FN:653,cash_out_erc20
FN:685,pay_creator_fee
FN:717,get_available_creator_fee
FN:738,pay_protocol_fee
FN:767,get_available_protocol_fee
FNF:25
FNH:25
FNDA:99,constructor
FNDA:3,get_indexes_length
FNDA:1,get_indexes_creators
FNDA:39,get_token_balance
FNDA:1,get_index_allocation
FNDA:1,get_index_tokens
FNDA:1,get_index
FNDA:32,create_index
FNDA:31,check_not_duplicates
FNDA:49,deposit
FNDA:17,buy
FNDA:1,buy_token
FNDA:38,attribute_buy_order_to_users
FNDA:7,withdraw
FNDA:3,sell
FNDA:1,sell_token
FNDA:4,attribute_sell_order_to_users
FNDA:4,finalize_sell
FNDA:38,trade_from_eth
FNDA:4,trade_from_tokens
FNDA:1,cash_out_erc20
FNDA:3,pay_creator_fee
FNDA:1,get_available_creator_fee
FNDA:3,pay_protocol_fee
FNDA:1,get_available_protocol_fee
DA:63,99
DA:64,99
DA:70,4
DA:81,3
DA:93,1
DA:95,1
DA:96,1
DA:99,1
DA:116,39
DA:132,1
DA:147,1
DA:163,1
DA:173,1
DA:192,32
DA:197,31
DA:202,31
DA:204,30
DA:205,30
DA:207,30
DA:210,30
DA:211,60
DA:212,60
DA:213,60
DA:222,30
DA:223,30
DA:224,30
DA:225,30
DA:241,31
DA:242,31
DA:243,139
DA:244,1
DA:248,30
DA:263,49
DA:264,49
DA:265,49
DA:266,49
DA:268,49
DA:269,49
DA:272,49
DA:273,49
DA:275,49
DA:278,49
DA:279,49
DA:280,242
DA:281,242
DA:282,242
DA:283,242
DA:286,49
DA:289,49
DA:290,242
DA:291,242
DA:293,242
DA:299,242
DA:302,242
DA:309,242
DA:325,17
DA:326,17
DA:328,17
DA:329,37
DA:330,37
DA:331,37
DA:334,37
DA:341,37
DA:348,17
DA:362,1
DA:364,1
DA:366,1
DA:373,1
DA:379,1
DA:398,38
DA:400,223
DA:402,223
DA:404,223
DA:407,223
DA:410,38
DA:413,38
DA:427,7
DA:428,6
DA:435,6
DA:437,5
DA:441,5
DA:442,5
DA:443,5
DA:448,5
DA:449,5
DA:452,5
DA:458,5
DA:474,3
DA:475,3
DA:477,3
DA:478,3
DA:479,3
DA:485,3
DA:486,3
DA:489,3
DA:496,3
DA:510,1
DA:512,1
DA:518,1
DA:521,1
DA:527,1
DA:544,4
DA:546,5
DA:548,5
DA:549,5
DA:552,5
DA:557,5
DA:559,5
DA:560,4
DA:564,4
DA:566,4
DA:579,4
DA:580,4
DA:581,4
DA:597,38
DA:598,38
DA:599,38
DA:601,38
DA:623,4
DA:624,4
DA:625,4
DA:627,4
DA:632,4
DA:654,1
DA:655,1
DA:656,1
DA:657,10
DA:658,10
DA:662,10
DA:666,10
DA:668,10
DA:672,10
DA:686,3
DA:690,3
DA:695,2
DA:696,2
DA:698,2
DA:700,2
DA:705,1
DA:707,1
DA:722,1
DA:723,1
DA:726,1
DA:739,3
DA:740,3
DA:745,2
DA:746,2
DA:748,2
DA:751,2
DA:755,1
DA:757,1
DA:772,1
DA:773,1
DA:776,1
LF:154
LH:154
BRDA:192,1,0,31
BRDA:192,1,1,1
BRDA:197,2,0,31
BRDA:197,2,1,0
BRDA:202,3,0,30
BRDA:202,3,1,1
BRDA:213,4,0,60
BRDA:213,4,1,0
BRDA:243,5,0,1
BRDA:243,5,1,138
BRDA:293,6,0,242
BRDA:293,6,1,0
BRDA:427,7,0,6
BRDA:427,7,1,1
BRDA:428,8,0,6
BRDA:428,8,1,0
BRDA:435,9,0,5
BRDA:435,9,1,1
BRDA:559,10,0,4
BRDA:559,10,1,1
BRDA:627,11,0,4
BRDA:627,11,1,0
BRDA:662,12,0,10
BRDA:662,12,1,0
BRDA:668,13,0,10
BRDA:668,13,1,0
BRDA:686,14,0,3
BRDA:686,14,1,0
BRDA:690,15,0,2
BRDA:690,15,1,1
BRDA:700,16,0,1
BRDA:700,16,1,1
BRDA:739,17,0,3
BRDA:739,17,1,0
BRDA:740,18,0,2
BRDA:740,18,1,1
BRDA:751,19,0,1
BRDA:751,19,1,1
BRF:38
BRH:29
end_of_record
